<?xml version="1.0" encoding="UTF-8"?>
<!-- Generated by org.testng.reporters.JUnitReportReporter -->
<testsuite skipped="0" hostname="DESKTOP-FGBOH6F" name="com.OrangCRM.tests.LogIn" tests="1" failures="0" timestamp="04 Feb 2023 21:06:17 GMT" time="16.704" errors="0">
  <testcase name="test1_Successfullogin" time="16.704" classname="com.OrangCRM.tests.LogIn"/>
</testsuite> <!-- com.OrangCRM.tests.LogIn -->
