<?xml version="1.0" encoding="UTF-8"?>
<!-- Generated by org.testng.reporters.JUnitReportReporter -->
<testsuite skipped="0" hostname="DESKTOP-FGBOH6F" name="com.OrangCRM.tests.LogIn" tests="1" failures="0" timestamp="18 Jan 2023 22:30:37 GMT" time="17.642" errors="0">
  <testcase name="test1_Successfullogin" time="17.642" classname="com.OrangCRM.tests.LogIn"/>
</testsuite> <!-- com.OrangCRM.tests.LogIn -->
